This is pdfTeX, Version 3.14159265-2.6-1.40.18 (TeX Live 2017/Debian) (preloaded format=pdflatex 2019.4.15)  17 JUL 2019 18:03
entering extended mode
 restricted \write18 enabled.
 %&-line parsing enabled.
**new
(./new.tex
LaTeX2e <2017-04-15>
Babel <3.18> and hyphenation patterns for 84 language(s) loaded.
(/usr/share/texlive/texmf-dist/tex/latex/base/article.cls
Document Class: article 2014/09/29 v1.4h Standard LaTeX document class
(/usr/share/texlive/texmf-dist/tex/latex/base/size10.clo
File: size10.clo 2014/09/29 v1.4h Standard LaTeX file (size option)
)
\c@part=\count79
\c@section=\count80
\c@subsection=\count81
\c@subsubsection=\count82
\c@paragraph=\count83
\c@subparagraph=\count84
\c@figure=\count85
\c@table=\count86
\abovecaptionskip=\skip41
\belowcaptionskip=\skip42
\bibindent=\dimen102
)
(/usr/share/texlive/texmf-dist/tex/latex/geometry/geometry.sty
Package: geometry 2010/09/12 v5.6 Page Geometry

(/usr/share/texlive/texmf-dist/tex/latex/graphics/keyval.sty
Package: keyval 2014/10/28 v1.15 key=value parser (DPC)
\KV@toks@=\toks14
)
(/usr/share/texlive/texmf-dist/tex/generic/oberdiek/ifpdf.sty
Package: ifpdf 2017/03/15 v3.2 Provides the ifpdf switch
)
(/usr/share/texlive/texmf-dist/tex/generic/oberdiek/ifvtex.sty
Package: ifvtex 2016/05/16 v1.6 Detect VTeX and its facilities (HO)
Package ifvtex Info: VTeX not detected.
)
(/usr/share/texlive/texmf-dist/tex/generic/ifxetex/ifxetex.sty
Package: ifxetex 2010/09/12 v0.6 Provides ifxetex conditional
)
\Gm@cnth=\count87
\Gm@cntv=\count88
\c@Gm@tempcnt=\count89
\Gm@bindingoffset=\dimen103
\Gm@wd@mp=\dimen104
\Gm@odd@mp=\dimen105
\Gm@even@mp=\dimen106
\Gm@layoutwidth=\dimen107
\Gm@layoutheight=\dimen108
\Gm@layouthoffset=\dimen109
\Gm@layoutvoffset=\dimen110
\Gm@dimlist=\toks15
)
(/usr/share/texlive/texmf-dist/tex/latex/hyperref/hyperref.sty
Package: hyperref 2018/02/06 v6.86b Hypertext links for LaTeX

(/usr/share/texlive/texmf-dist/tex/generic/oberdiek/hobsub-hyperref.sty
Package: hobsub-hyperref 2016/05/16 v1.14 Bundle oberdiek, subset hyperref (HO)


(/usr/share/texlive/texmf-dist/tex/generic/oberdiek/hobsub-generic.sty
Package: hobsub-generic 2016/05/16 v1.14 Bundle oberdiek, subset generic (HO)
Package: hobsub 2016/05/16 v1.14 Construct package bundles (HO)
Package: infwarerr 2016/05/16 v1.4 Providing info/warning/error messages (HO)
Package: ltxcmds 2016/05/16 v1.23 LaTeX kernel commands for general use (HO)
Package: ifluatex 2016/05/16 v1.4 Provides the ifluatex switch (HO)
Package ifluatex Info: LuaTeX not detected.
Package hobsub Info: Skipping package `ifvtex' (already loaded).
Package: intcalc 2016/05/16 v1.2 Expandable calculations with integers (HO)
Package hobsub Info: Skipping package `ifpdf' (already loaded).
Package: etexcmds 2016/05/16 v1.6 Avoid name clashes with e-TeX commands (HO)
Package etexcmds Info: Could not find \expanded.
(etexcmds)             That can mean that you are not using pdfTeX 1.50 or
(etexcmds)             that some package has redefined \expanded.
(etexcmds)             In the latter case, load this package earlier.
Package: kvsetkeys 2016/05/16 v1.17 Key value parser (HO)
Package: kvdefinekeys 2016/05/16 v1.4 Define keys (HO)
Package: pdftexcmds 2018/01/21 v0.26 Utility functions of pdfTeX for LuaTeX (HO
)
Package pdftexcmds Info: LuaTeX not detected.
Package pdftexcmds Info: \pdf@primitive is available.
Package pdftexcmds Info: \pdf@ifprimitive is available.
Package pdftexcmds Info: \pdfdraftmode found.
Package: pdfescape 2016/05/16 v1.14 Implements pdfTeX's escape features (HO)
Package: bigintcalc 2016/05/16 v1.4 Expandable calculations on big integers (HO
)
Package: bitset 2016/05/16 v1.2 Handle bit-vector datatype (HO)
Package: uniquecounter 2016/05/16 v1.3 Provide unlimited unique counter (HO)
)
Package hobsub Info: Skipping package `hobsub' (already loaded).
Package: letltxmacro 2016/05/16 v1.5 Let assignment for LaTeX macros (HO)
Package: hopatch 2016/05/16 v1.3 Wrapper for package hooks (HO)
Package: xcolor-patch 2016/05/16 xcolor patch
Package: atveryend 2016/05/16 v1.9 Hooks at the very end of document (HO)
Package atveryend Info: \enddocument detected (standard20110627).
Package: atbegshi 2016/06/09 v1.18 At begin shipout hook (HO)
Package: refcount 2016/05/16 v3.5 Data extraction from label references (HO)
Package: hycolor 2016/05/16 v1.8 Color options for hyperref/bookmark (HO)
)
(/usr/share/texlive/texmf-dist/tex/latex/oberdiek/auxhook.sty
Package: auxhook 2016/05/16 v1.4 Hooks for auxiliary files (HO)
)
(/usr/share/texlive/texmf-dist/tex/latex/oberdiek/kvoptions.sty
Package: kvoptions 2016/05/16 v3.12 Key value format for package options (HO)
)
\@linkdim=\dimen111
\Hy@linkcounter=\count90
\Hy@pagecounter=\count91

(/usr/share/texlive/texmf-dist/tex/latex/hyperref/pd1enc.def
File: pd1enc.def 2018/02/06 v6.86b Hyperref: PDFDocEncoding definition (HO)
)
\Hy@SavedSpaceFactor=\count92

(/usr/share/texlive/texmf-dist/tex/latex/latexconfig/hyperref.cfg
File: hyperref.cfg 2002/06/06 v1.2 hyperref configuration of TeXLive
)
Package hyperref Info: Hyper figures OFF on input line 4509.
Package hyperref Info: Link nesting OFF on input line 4514.
Package hyperref Info: Hyper index ON on input line 4517.
Package hyperref Info: Plain pages OFF on input line 4524.
Package hyperref Info: Backreferencing OFF on input line 4529.
Package hyperref Info: Implicit mode ON; LaTeX internals redefined.
Package hyperref Info: Bookmarks ON on input line 4762.
\c@Hy@tempcnt=\count93

(/usr/share/texlive/texmf-dist/tex/latex/url/url.sty
\Urlmuskip=\muskip10
Package: url 2013/09/16  ver 3.4  Verb mode for urls, etc.
)
LaTeX Info: Redefining \url on input line 5115.
\XeTeXLinkMargin=\dimen112
\Fld@menulength=\count94
\Field@Width=\dimen113
\Fld@charsize=\dimen114
Package hyperref Info: Hyper figures OFF on input line 6369.
Package hyperref Info: Link nesting OFF on input line 6374.
Package hyperref Info: Hyper index ON on input line 6377.
Package hyperref Info: backreferencing OFF on input line 6384.
Package hyperref Info: Link coloring OFF on input line 6389.
Package hyperref Info: Link coloring with OCG OFF on input line 6394.
Package hyperref Info: PDF/A mode OFF on input line 6399.
LaTeX Info: Redefining \ref on input line 6439.
LaTeX Info: Redefining \pageref on input line 6443.
\Hy@abspage=\count95
\c@Item=\count96
\c@Hfootnote=\count97
)
Package hyperref Info: Driver (autodetected): hpdftex.

(/usr/share/texlive/texmf-dist/tex/latex/hyperref/hpdftex.def
File: hpdftex.def 2018/02/06 v6.86b Hyperref driver for pdfTeX
\Fld@listcount=\count98
\c@bookmark@seq@number=\count99

(/usr/share/texlive/texmf-dist/tex/latex/oberdiek/rerunfilecheck.sty
Package: rerunfilecheck 2016/05/16 v1.8 Rerun checks for auxiliary files (HO)
Package uniquecounter Info: New unique counter `rerunfilecheck' on input line 2
82.
)
\Hy@SectionHShift=\skip43
)
(/usr/share/texlive/texmf-dist/tex/latex/graphics/graphicx.sty
Package: graphicx 2017/06/01 v1.1a Enhanced LaTeX Graphics (DPC,SPQR)

(/usr/share/texlive/texmf-dist/tex/latex/graphics/graphics.sty
Package: graphics 2017/06/25 v1.2c Standard LaTeX Graphics (DPC,SPQR)

(/usr/share/texlive/texmf-dist/tex/latex/graphics/trig.sty
Package: trig 2016/01/03 v1.10 sin cos tan (DPC)
)
(/usr/share/texlive/texmf-dist/tex/latex/graphics-cfg/graphics.cfg
File: graphics.cfg 2016/06/04 v1.11 sample graphics configuration
)
Package graphics Info: Driver file: pdftex.def on input line 99.

(/usr/share/texlive/texmf-dist/tex/latex/graphics-def/pdftex.def
File: pdftex.def 2018/01/08 v1.0l Graphics/color driver for pdftex
))
\Gin@req@height=\dimen115
\Gin@req@width=\dimen116
)
(/usr/share/texlive/texmf-dist/tex/latex/caption/subcaption.sty
Package: subcaption 2016/05/22 v1.1-161 Sub-captions (AR)

(/usr/share/texlive/texmf-dist/tex/latex/caption/caption.sty
Package: caption 2016/02/21 v3.3-144 Customizing captions (AR)

(/usr/share/texlive/texmf-dist/tex/latex/caption/caption3.sty
Package: caption3 2016/05/22 v1.7-166 caption3 kernel (AR)
Package caption3 Info: TeX engine: e-TeX on input line 67.
\captionmargin=\dimen117
\captionmargin@=\dimen118
\captionwidth=\dimen119
\caption@tempdima=\dimen120
\caption@indent=\dimen121
\caption@parindent=\dimen122
\caption@hangindent=\dimen123
)
\c@ContinuedFloat=\count100
Package caption Info: hyperref package is loaded.
)
\c@subfigure=\count101
\c@subtable=\count102
)
(/usr/share/texlive/texmf-dist/tex/latex/algorithm2e/algorithm2e.sty
Package: algorithm2e 2017/07/18 v5.2 algorithms environments
\c@AlgoLine=\count103

(/usr/share/texlive/texmf-dist/tex/latex/base/ifthen.sty
Package: ifthen 2014/09/29 v1.1c Standard LaTeX ifthen package (DPC)
)
\algocf@hangindent=\skip44

(/usr/share/texlive/texmf-dist/tex/latex/ifoddpage/ifoddpage.sty
Package: ifoddpage 2016/04/23 v1.1 Conditionals for odd/even page detection
\c@checkoddpage=\count104
)
(/usr/share/texlive/texmf-dist/tex/latex/tools/xspace.sty
Package: xspace 2014/10/28 v1.13 Space after command names (DPC,MH)
)
(/usr/share/texlive/texmf-dist/tex/latex/relsize/relsize.sty
Package: relsize 2013/03/29 ver 4.1
)
\skiptotal=\skip45
\skiplinenumber=\skip46
\skiprule=\skip47
\skiphlne=\skip48
\skiptext=\skip49
\skiplength=\skip50
\algomargin=\skip51
\skipalgocfslide=\skip52
\algowidth=\dimen124
\inoutsize=\dimen125
\inoutindent=\dimen126
\interspacetitleruled=\dimen127
\interspacealgoruled=\dimen128
\interspacetitleboxruled=\dimen129
\algocf@ruledwidth=\skip53
\algocf@inoutbox=\box26
\algocf@inputbox=\box27
\AlCapSkip=\skip54
\AlCapHSkip=\skip55
\algoskipindent=\skip56
\algocf@nlbox=\box28
\algocf@hangingbox=\box29
\algocf@untilbox=\box30
\algocf@skipuntil=\skip57
\algocf@capbox=\box31
\algocf@lcaptionbox=\skip58
\algoheightruledefault=\skip59
\algoheightrule=\skip60
\algotitleheightruledefault=\skip61
\algotitleheightrule=\skip62
\c@algocfline=\count105
\c@algocfproc=\count106
\c@algocf=\count107
\algocf@algoframe=\box32
\algocf@algobox=\box33
)
(/usr/share/texlive/texmf-dist/tex/latex/amsmath/amsmath.sty
Package: amsmath 2017/09/02 v2.17a AMS math features
\@mathmargin=\skip63

For additional information on amsmath, use the `?' option.
(/usr/share/texlive/texmf-dist/tex/latex/amsmath/amstext.sty
Package: amstext 2000/06/29 v2.01 AMS text

(/usr/share/texlive/texmf-dist/tex/latex/amsmath/amsgen.sty
File: amsgen.sty 1999/11/30 v2.0 generic functions
\@emptytoks=\toks16
\ex@=\dimen130
))
(/usr/share/texlive/texmf-dist/tex/latex/amsmath/amsbsy.sty
Package: amsbsy 1999/11/29 v1.2d Bold Symbols
\pmbraise@=\dimen131
)
(/usr/share/texlive/texmf-dist/tex/latex/amsmath/amsopn.sty
Package: amsopn 2016/03/08 v2.02 operator names
)
\inf@bad=\count108
LaTeX Info: Redefining \frac on input line 213.
\uproot@=\count109
\leftroot@=\count110
LaTeX Info: Redefining \overline on input line 375.
\classnum@=\count111
\DOTSCASE@=\count112
LaTeX Info: Redefining \ldots on input line 472.
LaTeX Info: Redefining \dots on input line 475.
LaTeX Info: Redefining \cdots on input line 596.
\Mathstrutbox@=\box34
\strutbox@=\box35
\big@size=\dimen132
LaTeX Font Info:    Redeclaring font encoding OML on input line 712.
LaTeX Font Info:    Redeclaring font encoding OMS on input line 713.
\macc@depth=\count113
\c@MaxMatrixCols=\count114
\dotsspace@=\muskip11
\c@parentequation=\count115
\dspbrk@lvl=\count116
\tag@help=\toks17
\row@=\count117
\column@=\count118
\maxfields@=\count119
\andhelp@=\toks18
\eqnshift@=\dimen133
\alignsep@=\dimen134
\tagshift@=\dimen135
\tagwidth@=\dimen136
\totwidth@=\dimen137
\lineht@=\dimen138
\@envbody=\toks19
\multlinegap=\skip64
\multlinetaggap=\skip65
\mathdisplay@stack=\toks20
LaTeX Info: Redefining \[ on input line 2817.
LaTeX Info: Redefining \] on input line 2818.
)
(/usr/share/texlive/texmf-dist/tex/latex/graphics/lscape.sty
Package: lscape 2000/10/22 v3.01 Landscape Pages (DPC)
) (./new.aux

LaTeX Warning: Label `fig:1d-CG' multiply defined.


LaTeX Warning: Label `eq:2Dheat' multiply defined.


LaTeX Warning: Label `eq:2DheatOtherForm' multiply defined.


LaTeX Warning: Label `fig:2d-grid' multiply defined.


LaTeX Warning: Label `eq:grid19x' multiply defined.


LaTeX Warning: Label `eq:grid19z' multiply defined.


LaTeX Warning: Label `eq:gridKx' multiply defined.


LaTeX Warning: Label `eq:gridKz' multiply defined.


LaTeX Warning: Label `fig:2d-grid-mapping' multiply defined.


LaTeX Warning: Label `eq:2D45boundary' multiply defined.


LaTeX Warning: Label `eq:2D45middle' multiply defined.


LaTeX Warning: Label `eq:2D45xb' multiply defined.


LaTeX Warning: Label `eq:2D45A' multiply defined.


LaTeX Warning: Label `eq:2D54A' multiply defined.


LaTeX Warning: Label `eq:coefmatrix2dA'' multiply defined.

)
\openout1 = `new.aux'.

LaTeX Font Info:    Checking defaults for OML/cmm/m/it on input line 34.
LaTeX Font Info:    ... okay on input line 34.
LaTeX Font Info:    Checking defaults for T1/cmr/m/n on input line 34.
LaTeX Font Info:    ... okay on input line 34.
LaTeX Font Info:    Checking defaults for OT1/cmr/m/n on input line 34.
LaTeX Font Info:    ... okay on input line 34.
LaTeX Font Info:    Checking defaults for OMS/cmsy/m/n on input line 34.
LaTeX Font Info:    ... okay on input line 34.
LaTeX Font Info:    Checking defaults for OMX/cmex/m/n on input line 34.
LaTeX Font Info:    ... okay on input line 34.
LaTeX Font Info:    Checking defaults for U/cmr/m/n on input line 34.
LaTeX Font Info:    ... okay on input line 34.
LaTeX Font Info:    Checking defaults for PD1/pdf/m/n on input line 34.
LaTeX Font Info:    ... okay on input line 34.

*geometry* driver: auto-detecting
*geometry* detected driver: pdftex
*geometry* verbose mode - [ preamble ] result:
* driver: pdftex
* paper: a4paper
* layout: <same size as paper>
* layoutoffset:(h,v)=(0.0pt,0.0pt)
* modes: 
* h-part:(L,W,R)=(71.13188pt, 455.24411pt, 71.13188pt)
* v-part:(T,H,B)=(85.35826pt, 674.33032pt, 85.35826pt)
* \paperwidth=597.50787pt
* \paperheight=845.04684pt
* \textwidth=455.24411pt
* \textheight=674.33032pt
* \oddsidemargin=-1.1381pt
* \evensidemargin=-1.1381pt
* \topmargin=-23.91173pt
* \headheight=12.0pt
* \headsep=25.0pt
* \topskip=10.0pt
* \footskip=30.0pt
* \marginparwidth=65.0pt
* \marginparsep=11.0pt
* \columnsep=10.0pt
* \skip\footins=9.0pt plus 4.0pt minus 2.0pt
* \hoffset=0.0pt
* \voffset=0.0pt
* \mag=1000
* \@twocolumnfalse
* \@twosidefalse
* \@mparswitchfalse
* \@reversemarginfalse
* (1in=72.27pt=25.4mm, 1cm=28.453pt)

\AtBeginShipoutBox=\box36
Package hyperref Info: Link coloring OFF on input line 34.
(/usr/share/texlive/texmf-dist/tex/latex/hyperref/nameref.sty
Package: nameref 2016/05/21 v2.44 Cross-referencing by name of section

(/usr/share/texlive/texmf-dist/tex/generic/oberdiek/gettitlestring.sty
Package: gettitlestring 2016/05/16 v1.5 Cleanup title references (HO)
)
\c@section@level=\count120
)
LaTeX Info: Redefining \ref on input line 34.
LaTeX Info: Redefining \pageref on input line 34.
LaTeX Info: Redefining \nameref on input line 34.

(./new.out) (./new.out)
\@outlinefile=\write3
\openout3 = `new.out'.


(/usr/share/texlive/texmf-dist/tex/context/base/mkii/supp-pdf.mkii
[Loading MPS to PDF converter (version 2006.09.02).]
\scratchcounter=\count121
\scratchdimen=\dimen139
\scratchbox=\box37
\nofMPsegments=\count122
\nofMParguments=\count123
\everyMPshowfont=\toks21
\MPscratchCnt=\count124
\MPscratchDim=\dimen140
\MPnumerator=\count125
\makeMPintoPDFobject=\count126
\everyMPtoPDFconversion=\toks22
) (/usr/share/texlive/texmf-dist/tex/latex/oberdiek/epstopdf-base.sty
Package: epstopdf-base 2016/05/15 v2.6 Base part for package epstopdf

(/usr/share/texlive/texmf-dist/tex/latex/oberdiek/grfext.sty
Package: grfext 2016/05/16 v1.2 Manage graphics extensions (HO)
)
Package epstopdf-base Info: Redefining graphics rule for `.eps' on input line 4
38.
Package grfext Info: Graphics extension search list:
(grfext)             [.pdf,.png,.jpg,.mps,.jpeg,.jbig2,.jb2,.PDF,.PNG,.JPG,.JPE
G,.JBIG2,.JB2,.eps]
(grfext)             \AppendGraphicsExtensions on input line 456.

(/usr/share/texlive/texmf-dist/tex/latex/latexconfig/epstopdf-sys.cfg
File: epstopdf-sys.cfg 2010/07/13 v1.3 Configuration of (r)epstopdf for TeX Liv
e
))
Package caption Info: Begin \AtBeginDocument code.
Package caption Info: End \AtBeginDocument code.

(./new.toc)
\tf@toc=\write4
\openout4 = `new.toc'.

 (./sections/00-Introduction.tex
Underfull \hbox (badness 10000) in paragraph at lines 3--10

 []

[1

{/var/lib/texmf/fonts/map/pdftex/updmap/pdftex.map}])
(./sections/01-Definitions.tex) (./sections/02-Linearization.tex
Missing character: There is no ‚ in font cmr10!
Missing character: There is no Ä in font cmr10!
Missing character: There is no ô in font cmr10!
 [2]
Underfull \hbox (badness 10000) in paragraph at lines 16--19

 []

) (./sections/03-One-dimensional.tex
<1d-grid.png, id=118, 363.3575pt x 290.08376pt>
File: 1d-grid.png Graphic file (type png)
<use 1d-grid.png>
Package pdftex.def Info: 1d-grid.png  used on input line 10.
(pdftex.def)             Requested size: 227.62206pt x 181.7224pt.
 [3] [4 <./1d-grid.png>]
Missing character: There is no ‚ in font cmr10!
Missing character: There is no Ä in font cmr10!
Missing character: There is no ú in font cmr10!
Missing character: There is no ‚ in font cmr10!
Missing character: There is no Ä in font cmr10!
Missing character: There is no ù in font cmr10!
Missing character: There is no ‚ in font cmr10!
Missing character: There is no Ä in font cmr10!
Missing character: There is no ú in font cmr10!
Missing character: There is no ‚ in font cmr10!
Missing character: There is no Ä in font cmr10!
Missing character: There is no ù in font cmr10!
)
(./sections/04-NumericalSol.tex
LaTeX Font Info:    Try loading font information for OMS+cmr on input line 6.

(/usr/share/texlive/texmf-dist/tex/latex/base/omscmr.fd
File: omscmr.fd 2014/09/29 v2.5h Standard LaTeX font definitions
)
LaTeX Font Info:    Font shape `OMS/cmr/m/n' in size <10> not available
(Font)              Font shape `OMS/cmsy/m/n' tried instead on input line 6.
 [5]
Missing character: There is no ‚ in font cmr10!
Missing character: There is no Ä in font cmr10!
Missing character: There is no ì in font cmr10!
 [6]
Underfull \hbox (badness 10000) in paragraph at lines 64--78

 []

) (./sections/05-Results1D.tex [7]
<1Dfig/0.png, id=230, 481.8pt x 361.35pt>
File: 1Dfig/0.png Graphic file (type png)
<use 1Dfig/0.png>
Package pdftex.def Info: 1Dfig/0.png  used on input line 10.
(pdftex.def)             Requested size: 204.85846pt x 153.64064pt.
<1Dfig/1.png, id=231, 481.8pt x 361.35pt>
File: 1Dfig/1.png Graphic file (type png)
<use 1Dfig/1.png>
Package pdftex.def Info: 1Dfig/1.png  used on input line 17.
(pdftex.def)             Requested size: 204.85846pt x 153.64064pt.
Package epstopdf Info: Source file: <1Dfig/result1D.eps>
(epstopdf)                    date: 2019-07-17 17:17:10
(epstopdf)                    size: 24431 bytes
(epstopdf)             Output file: <1Dfig/result1D-eps-converted-to.pdf>
(epstopdf)                    date: 2019-07-17 17:17:10
(epstopdf)                    size: 5945 bytes
(epstopdf)             Command: <repstopdf --outfile=1Dfig/result1D-eps-convert
ed-to.pdf 1Dfig/result1D.eps>
(epstopdf)             \includegraphics on input line 24.
Package epstopdf Info: Output file is already uptodate.


pdfTeX warning: pdflatex (file ./1Dfig/result1D-eps-converted-to.pdf): PDF incl
usion: found PDF version <1.7>, but at most version <1.5> allowed
<1Dfig/result1D-eps-converted-to.pdf, id=232, 1084.05pt x 722.7pt>
File: 1Dfig/result1D-eps-converted-to.pdf Graphic file (type pdf)
<use 1Dfig/result1D-eps-converted-to.pdf>
Package pdftex.def Info: 1Dfig/result1D-eps-converted-to.pdf  used on input lin
e 24.
(pdftex.def)             Requested size: 227.62206pt x 151.73839pt.
<1Dfig/result1D_CG-2.png, id=233, 608.2725pt x 427.5975pt>
File: 1Dfig/result1D_CG-2.png Graphic file (type png)
<use 1Dfig/result1D_CG-2.png>
Package pdftex.def Info: 1Dfig/result1D_CG-2.png  used on input line 44.
(pdftex.def)             Requested size: 204.85846pt x 144.00453pt.
<1Dfig/result1D_CG-2-map.png, id=234, 633.36626pt x 421.575pt>
File: 1Dfig/result1D_CG-2-map.png Graphic file (type png)
<use 1Dfig/result1D_CG-2-map.png>
Package pdftex.def Info: 1Dfig/result1D_CG-2-map.png  used on input line 51.
(pdftex.def)             Requested size: 204.85846pt x 136.35411pt.
<1Dfig/result1D_CG_LR.png, id=237, 627.34375pt x 532.99126pt>
File: 1Dfig/result1D_CG_LR.png Graphic file (type png)
<use 1Dfig/result1D_CG_LR.png>
Package pdftex.def Info: 1Dfig/result1D_CG_LR.png  used on input line 69.
(pdftex.def)             Requested size: 204.85846pt x 174.04965pt.
<1Dfig/result1D_CG_gaussianPulse.png, id=238, 637.38126pt x 510.90875pt>
File: 1Dfig/result1D_CG_gaussianPulse.png Graphic file (type png)
<use 1Dfig/result1D_CG_gaussianPulse.png>
Package pdftex.def Info: 1Dfig/result1D_CG_gaussianPulse.png  used on input lin
e 76.
(pdftex.def)             Requested size: 204.85846pt x 164.20355pt.

Underfull \hbox (badness 10000) in paragraph at lines 86--88

 []


Underfull \hbox (badness 10000) in paragraph at lines 89--90

 []

[8 <./1Dfig/0.png> <./1Dfig/1.png> <./1Dfig/result1D-eps-converted-to.pdf>]
[9 <./1Dfig/result1D_CG-2.png> <./1Dfig/result1D_CG-2-map.png> <./1Dfig/result1
D_CG_LR.png> <./1Dfig/result1D_CG_gaussianPulse.png>]
<2d-grid.png, id=263, 699.61375pt x 516.93124pt>
File: 2d-grid.png Graphic file (type png)
<use 2d-grid.png>
Package pdftex.def Info: 2d-grid.png  used on input line 103.
(pdftex.def)             Requested size: 455.24411pt x 336.37993pt.
Missing character: There is no ‚ in font cmr10!
Missing character: There is no Ä in font cmr10!
Missing character: There is no ú in font cmr10!
Missing character: There is no ‚ in font cmr10!
Missing character: There is no Ä in font cmr10!
Missing character: There is no ù in font cmr10!
<2d-grid-mapping.png, id=266, 605.26125pt x 504.88625pt>
File: 2d-grid-mapping.png Graphic file (type png)
<use 2d-grid-mapping.png>
Package pdftex.def Info: 2d-grid-mapping.png  used on input line 128.
(pdftex.def)             Requested size: 455.24411pt x 379.75pt.
 [10 <./2d-grid.png>]
[11 <./2d-grid-mapping.png>]
Underfull \hbox (badness 10000) in paragraph at lines 178--180

 []

Missing character: There is no ‚ in font cmr10!
Missing character: There is no Ä in font cmr10!
Missing character: There is no ú in font cmr10!
Missing character: There is no ‚ in font cmr10!
Missing character: There is no Ä in font cmr10!
Missing character: There is no ù in font cmr10!
[12]

LaTeX Font Warning: Command \footnotesize invalid in math mode on input line 22
2.


Overfull \hbox (30.69424pt too wide) detected at line 252
[]
 []

LaTeX Font Info:    Calculating math sizes for size <> on input line 252.

LaTeX Font Warning: Font shape `OT1/cmr/m/n' in size <> not available
(Font)              size <5> substituted on input line 252.


LaTeX Font Warning: Font shape `OT1/cmr/m/n' in size <0.7> not available
(Font)              size <5> substituted on input line 252.


LaTeX Font Warning: Font shape `OT1/cmr/m/n' in size <0.5> not available
(Font)              size <5> substituted on input line 252.


LaTeX Font Warning: Font shape `OML/cmm/m/it' in size <> not available
(Font)              size <5> substituted on input line 252.


LaTeX Font Warning: Font shape `OML/cmm/m/it' in size <0.7> not available
(Font)              size <5> substituted on input line 252.


LaTeX Font Warning: Font shape `OML/cmm/m/it' in size <0.5> not available
(Font)              size <5> substituted on input line 252.


LaTeX Font Warning: Font shape `OMS/cmsy/m/n' in size <> not available
(Font)              size <5> substituted on input line 252.


LaTeX Font Warning: Font shape `OMS/cmsy/m/n' in size <0.7> not available
(Font)              size <5> substituted on input line 252.


LaTeX Font Warning: Font shape `OMS/cmsy/m/n' in size <0.5> not available
(Font)              size <5> substituted on input line 252.


LaTeX Font Warning: Font shape `OT1/cmr/bx/n' in size <> not available
(Font)              size <5> substituted on input line 252.


LaTeX Font Warning: Font shape `OT1/cmr/bx/n' in size <0.7> not available
(Font)              size <5> substituted on input line 252.


LaTeX Font Warning: Font shape `OT1/cmr/bx/n' in size <0.5> not available
(Font)              size <5> substituted on input line 252.


LaTeX Font Warning: Command \footnotesize invalid in math mode on input line 25
8.


Overfull \hbox (24.83307pt too wide) detected at line 289
[]
 []

[13

]
Overfull \hbox (29.16525pt too wide) detected at line 327
\OML/cmm/m/it/10 A[] \OT1/cmr/m/n/10 = []
 []

) (./sections/06-Two-dimensional.tex
File: 2d-grid.png Graphic file (type png)
<use 2d-grid.png>
Package pdftex.def Info: 2d-grid.png  used on input line 14.
(pdftex.def)             Requested size: 455.24411pt x 336.37993pt.
Missing character: There is no ‚ in font cmr10!
Missing character: There is no Ä in font cmr10!
Missing character: There is no ú in font cmr10!
Missing character: There is no ‚ in font cmr10!
Missing character: There is no Ä in font cmr10!
Missing character: There is no ù in font cmr10!
File: 2d-grid-mapping.png Graphic file (type png)
<use 2d-grid-mapping.png>
Package pdftex.def Info: 2d-grid-mapping.png  used on input line 34.
(pdftex.def)             Requested size: 455.24411pt x 379.75pt.
 [14

]
Underfull \vbox (badness 1132) has occurred while \output is active []

 [15]
Underfull \hbox (badness 10000) in paragraph at lines 84--86

 []

Missing character: There is no ‚ in font cmr10!
Missing character: There is no Ä in font cmr10!
Missing character: There is no ú in font cmr10!
Missing character: There is no ‚ in font cmr10!
Missing character: There is no Ä in font cmr10!
Missing character: There is no ù in font cmr10!
[16]
Underfull \vbox (badness 10000) has occurred while \output is active []

 [17]

LaTeX Font Warning: Command \footnotesize invalid in math mode on input line 13
1.


Overfull \hbox (30.69424pt too wide) detected at line 161
[]
 []


LaTeX Font Warning: Command \footnotesize invalid in math mode on input line 16
7.


Overfull \hbox (24.83307pt too wide) detected at line 198
[]
 []

[18

]
Overfull \hbox (29.16525pt too wide) detected at line 235
\OML/cmm/m/it/10 A[] \OT1/cmr/m/n/10 = []
 []

) (./sections/07-Results2D.tex
Package epstopdf Info: Source file: <2DSimplefig/00.eps>
(epstopdf)                    date: 2019-07-17 17:17:10
(epstopdf)                    size: 83303 bytes
(epstopdf)             Output file: <2DSimplefig/00-eps-converted-to.pdf>
(epstopdf)                    date: 2019-07-17 17:17:10
(epstopdf)                    size: 42991 bytes
(epstopdf)             Command: <repstopdf --outfile=2DSimplefig/00-eps-convert
ed-to.pdf 2DSimplefig/00.eps>
(epstopdf)             \includegraphics on input line 6.
Package epstopdf Info: Output file is already uptodate.


pdfTeX warning: pdflatex (file ./2DSimplefig/00-eps-converted-to.pdf): PDF incl
usion: found PDF version <1.7>, but at most version <1.5> allowed
<2DSimplefig/00-eps-converted-to.pdf, id=384, 1084.05pt x 722.7pt>
File: 2DSimplefig/00-eps-converted-to.pdf Graphic file (type pdf)
<use 2DSimplefig/00-eps-converted-to.pdf>
Package pdftex.def Info: 2DSimplefig/00-eps-converted-to.pdf  used on input lin
e 6.
(pdftex.def)             Requested size: 455.24411pt x 303.49884pt.

Underfull \hbox (badness 10000) in paragraph at lines 20--22

 []

Package epstopdf Info: Source file: <2DSimplefig/05_map.eps>
(epstopdf)                    date: 2019-07-17 17:17:10
(epstopdf)                    size: 79427 bytes
(epstopdf)             Output file: <2DSimplefig/05_map-eps-converted-to.pdf>
(epstopdf)                    date: 2019-07-17 17:17:10
(epstopdf)                    size: 35382 bytes
(epstopdf)             Command: <repstopdf --outfile=2DSimplefig/05_map-eps-con
verted-to.pdf 2DSimplefig/05_map.eps>
(epstopdf)             \includegraphics on input line 28.
Package epstopdf Info: Output file is already uptodate.


pdfTeX warning: pdflatex (file ./2DSimplefig/05_map-eps-converted-to.pdf): PDF 
inclusion: found PDF version <1.7>, but at most version <1.5> allowed
<2DSimplefig/05_map-eps-converted-to.pdf, id=386, 1084.05pt x 722.7pt>
File: 2DSimplefig/05_map-eps-converted-to.pdf Graphic file (type pdf)
<use 2DSimplefig/05_map-eps-converted-to.pdf>
Package pdftex.def Info: 2DSimplefig/05_map-eps-converted-to.pdf  used on input
 line 28.
(pdftex.def)             Requested size: 227.62206pt x 151.73839pt.
Package epstopdf Info: Source file: <2DSimplefig/10_map.eps>
(epstopdf)                    date: 2019-07-17 17:17:10
(epstopdf)                    size: 80408 bytes
(epstopdf)             Output file: <2DSimplefig/10_map-eps-converted-to.pdf>
(epstopdf)                    date: 2019-07-17 17:17:10
(epstopdf)                    size: 37526 bytes
(epstopdf)             Command: <repstopdf --outfile=2DSimplefig/10_map-eps-con
verted-to.pdf 2DSimplefig/10_map.eps>
(epstopdf)             \includegraphics on input line 36.
Package epstopdf Info: Output file is already uptodate.


pdfTeX warning: pdflatex (file ./2DSimplefig/10_map-eps-converted-to.pdf): PDF 
inclusion: found PDF version <1.7>, but at most version <1.5> allowed
<2DSimplefig/10_map-eps-converted-to.pdf, id=387, 1084.05pt x 722.7pt>
File: 2DSimplefig/10_map-eps-converted-to.pdf Graphic file (type pdf)
<use 2DSimplefig/10_map-eps-converted-to.pdf>
Package pdftex.def Info: 2DSimplefig/10_map-eps-converted-to.pdf  used on input
 line 36.
(pdftex.def)             Requested size: 227.62206pt x 151.73839pt.

Underfull \hbox (badness 10000) in paragraph at lines 47--49

 []


Underfull \hbox (badness 10000) in paragraph at lines 51--53

 []

Package epstopdf Info: Source file: <2DRandomDfig/05_map.eps>
(epstopdf)                    date: 2019-07-17 17:17:10
(epstopdf)                    size: 79270 bytes
(epstopdf)             Output file: <2DRandomDfig/05_map-eps-converted-to.pdf>
(epstopdf)                    date: 2019-07-17 17:17:10
(epstopdf)                    size: 36766 bytes
(epstopdf)             Command: <repstopdf --outfile=2DRandomDfig/05_map-eps-co
nverted-to.pdf 2DRandomDfig/05_map.eps>
(epstopdf)             \includegraphics on input line 58.
Package epstopdf Info: Output file is already uptodate.


pdfTeX warning: pdflatex (file ./2DRandomDfig/05_map-eps-converted-to.pdf): PDF
 inclusion: found PDF version <1.7>, but at most version <1.5> allowed
<2DRandomDfig/05_map-eps-converted-to.pdf, id=389, 1084.05pt x 722.7pt>
File: 2DRandomDfig/05_map-eps-converted-to.pdf Graphic file (type pdf)
<use 2DRandomDfig/05_map-eps-converted-to.pdf>
Package pdftex.def Info: 2DRandomDfig/05_map-eps-converted-to.pdf  used on inpu
t line 58.
(pdftex.def)             Requested size: 204.85846pt x 136.56454pt.
Package epstopdf Info: Source file: <2DRandomDfig/15_map.eps>
(epstopdf)                    date: 2019-07-17 17:17:10
(epstopdf)                    size: 80496 bytes
(epstopdf)             Output file: <2DRandomDfig/15_map-eps-converted-to.pdf>
(epstopdf)                    date: 2019-07-17 17:17:10
(epstopdf)                    size: 41248 bytes
(epstopdf)             Command: <repstopdf --outfile=2DRandomDfig/15_map-eps-co
nverted-to.pdf 2DRandomDfig/15_map.eps>
(epstopdf)             \includegraphics on input line 66.
Package epstopdf Info: Output file is already uptodate.


pdfTeX warning: pdflatex (file ./2DRandomDfig/15_map-eps-converted-to.pdf): PDF
 inclusion: found PDF version <1.7>, but at most version <1.5> allowed
<2DRandomDfig/15_map-eps-converted-to.pdf, id=390, 1084.05pt x 722.7pt>
File: 2DRandomDfig/15_map-eps-converted-to.pdf Graphic file (type pdf)
<use 2DRandomDfig/15_map-eps-converted-to.pdf>
Package pdftex.def Info: 2DRandomDfig/15_map-eps-converted-to.pdf  used on inpu
t line 66.
(pdftex.def)             Requested size: 204.85846pt x 136.56454pt.
Package epstopdf Info: Source file: <2DRandomDfig/45_map.eps>
(epstopdf)                    date: 2019-07-17 17:17:10
(epstopdf)                    size: 80830 bytes
(epstopdf)             Output file: <2DRandomDfig/45_map-eps-converted-to.pdf>
(epstopdf)                    date: 2019-07-17 17:17:10
(epstopdf)                    size: 44599 bytes
(epstopdf)             Command: <repstopdf --outfile=2DRandomDfig/45_map-eps-co
nverted-to.pdf 2DRandomDfig/45_map.eps>
(epstopdf)             \includegraphics on input line 73.
Package epstopdf Info: Output file is already uptodate.


pdfTeX warning: pdflatex (file ./2DRandomDfig/45_map-eps-converted-to.pdf): PDF
 inclusion: found PDF version <1.7>, but at most version <1.5> allowed
<2DRandomDfig/45_map-eps-converted-to.pdf, id=391, 1084.05pt x 722.7pt>
File: 2DRandomDfig/45_map-eps-converted-to.pdf Graphic file (type pdf)
<use 2DRandomDfig/45_map-eps-converted-to.pdf>
Package pdftex.def Info: 2DRandomDfig/45_map-eps-converted-to.pdf  used on inpu
t line 73.
(pdftex.def)             Requested size: 204.85846pt x 136.56454pt.
) (./sections/Appendix.tex [19

] [20 <./2DSimplefig/00-eps-converted-to.pdf>]
[21 <./2DSimplefig/05_map-eps-converted-to.pdf> <./2DSimplefig/10_map-eps-conve
rted-to.pdf>] [22 <./2DRandomDfig/05_map-eps-converted-to.pdf> <./2DRandomDfig/
15_map-eps-converted-to.pdf> <./2DRandomDfig/45_map-eps-converted-to.pdf>])
(./new.bbl)
Package atveryend Info: Empty hook `BeforeClearDocument' on input line 73.
 [23]
Package atveryend Info: Empty hook `AfterLastShipout' on input line 73.
 (./new.aux)
Package atveryend Info: Executing hook `AtVeryEndDocument' on input line 73.
Package atveryend Info: Executing hook `AtEndAfterFileList' on input line 73.
Package rerunfilecheck Info: File `new.out' has not changed.
(rerunfilecheck)             Checksum: 55C2C6B6DD62988A21E2FD0C68830C18;969.


LaTeX Font Warning: Size substitutions with differences
(Font)              up to 4.5pt have occurred.


LaTeX Warning: There were multiply-defined labels.

Package atveryend Info: Empty hook `AtVeryVeryEnd' on input line 73.
 ) 
Here is how much of TeX's memory you used:
 8576 strings out of 492982
 131130 string characters out of 6134896
 276172 words of memory out of 5000000
 11826 multiletter control sequences out of 15000+600000
 13071 words of font info for 48 fonts, out of 8000000 for 9000
 1141 hyphenation exceptions out of 8191
 42i,18n,40p,1195b,619s stack positions out of 5000i,500n,10000p,200000b,80000s
</usr/share/texlive/texmf-dist/fonts/type1/public/amsfonts/cm/cmbx10.pfb></us
r/share/texlive/texmf-dist/fonts/type1/public/amsfonts/cm/cmbx12.pfb></usr/shar
e/texlive/texmf-dist/fonts/type1/public/amsfonts/cm/cmbx7.pfb></usr/share/texli
ve/texmf-dist/fonts/type1/public/amsfonts/cm/cmbx9.pfb></usr/share/texlive/texm
f-dist/fonts/type1/public/amsfonts/cm/cmex10.pfb></usr/share/texlive/texmf-dist
/fonts/type1/public/amsfonts/cmextra/cmex8.pfb></usr/share/texlive/texmf-dist/f
onts/type1/public/amsfonts/cm/cmmi10.pfb></usr/share/texlive/texmf-dist/fonts/t
ype1/public/amsfonts/cm/cmmi5.pfb></usr/share/texlive/texmf-dist/fonts/type1/pu
blic/amsfonts/cm/cmmi6.pfb></usr/share/texlive/texmf-dist/fonts/type1/public/am
sfonts/cm/cmmi7.pfb></usr/share/texlive/texmf-dist/fonts/type1/public/amsfonts/
cm/cmmi8.pfb></usr/share/texlive/texmf-dist/fonts/type1/public/amsfonts/cm/cmmi
9.pfb></usr/share/texlive/texmf-dist/fonts/type1/public/amsfonts/cm/cmr10.pfb><
/usr/share/texlive/texmf-dist/fonts/type1/public/amsfonts/cm/cmr12.pfb></usr/sh
are/texlive/texmf-dist/fonts/type1/public/amsfonts/cm/cmr17.pfb></usr/share/tex
live/texmf-dist/fonts/type1/public/amsfonts/cm/cmr5.pfb></usr/share/texlive/tex
mf-dist/fonts/type1/public/amsfonts/cm/cmr6.pfb></usr/share/texlive/texmf-dist/
fonts/type1/public/amsfonts/cm/cmr7.pfb></usr/share/texlive/texmf-dist/fonts/ty
pe1/public/amsfonts/cm/cmr8.pfb></usr/share/texlive/texmf-dist/fonts/type1/publ
ic/amsfonts/cm/cmr9.pfb></usr/share/texlive/texmf-dist/fonts/type1/public/amsfo
nts/cm/cmsy10.pfb></usr/share/texlive/texmf-dist/fonts/type1/public/amsfonts/cm
/cmsy5.pfb></usr/share/texlive/texmf-dist/fonts/type1/public/amsfonts/cm/cmsy7.
pfb></usr/share/texlive/texmf-dist/fonts/type1/public/amsfonts/cm/cmsy8.pfb></u
sr/share/texlive/texmf-dist/fonts/type1/public/amsfonts/cm/cmti10.pfb></usr/sha
re/texlive/texmf-dist/fonts/type1/public/amsfonts/cm/cmtt10.pfb></usr/share/tex
live/texmf-dist/fonts/type1/public/amsfonts/cm/cmtt8.pfb>
Output written on new.pdf (23 pages, 856459 bytes).
PDF statistics:
 585 PDF objects out of 1000 (max. 8388607)
 497 compressed objects within 5 object streams
 171 named destinations out of 1000 (max. 500000)
 193 words of extra memory for PDF output out of 10000 (max. 10000000)

